<?xml version="1.0" encoding="UTF-8"?>
<!-- Generated by org.testng.reporters.JUnitReportReporter -->
<testsuite skipped="0" hostname="LAPTOP-H781J057" name="com.heycar.vehicle.challenge.controller.HeyCarVehicleControllerTest" tests="5" failures="0" timestamp="2020-05-17T20:56:13 CEST" time="0.772" errors="0">
  <testcase name="testSearch" time="0.658" classname="com.heycar.vehicle.challenge.controller.HeyCarVehicleControllerTest"/>
  <system-out/>
  <testcase name="testUploadJson" time="0.003" classname="com.heycar.vehicle.challenge.controller.HeyCarVehicleControllerTest"/>
  <system-out/>
  <testcase name="testUploadCsvPartialSuccess" time="0.017" classname="com.heycar.vehicle.challenge.controller.HeyCarVehicleControllerTest"/>
  <system-out/>
  <testcase name="testUploadCsvUnableToReadFile" time="0.092" classname="com.heycar.vehicle.challenge.controller.HeyCarVehicleControllerTest"/>
  <system-out/>
  <testcase name="testUploadCsvSuccess" time="0.002" classname="com.heycar.vehicle.challenge.controller.HeyCarVehicleControllerTest"/>
  <system-out/>
</testsuite> <!-- com.heycar.vehicle.challenge.controller.HeyCarVehicleControllerTest -->
