<?xml version="1.0" encoding="UTF-8"?>
<!-- Generated by org.testng.reporters.JUnitReportReporter -->
<testsuite skipped="0" hostname="LAPTOP-H781J057" name="com.heycar.vehicle.challenge.service.HeyCarVehicleServiceTest" tests="6" failures="0" timestamp="2020-05-17T20:56:13 CEST" time="0.161" errors="0">
  <testcase name="getVehiclesByMake" time="0.002" classname="com.heycar.vehicle.challenge.service.HeyCarVehicleServiceTest"/>
  <system-out/>
  <testcase name="createOrUpdateVehicles" time="0.140" classname="com.heycar.vehicle.challenge.service.HeyCarVehicleServiceTest"/>
  <system-out/>
  <testcase name="getVehiclesByModel" time="0.002" classname="com.heycar.vehicle.challenge.service.HeyCarVehicleServiceTest"/>
  <system-out/>
  <testcase name="getAll" time="0.003" classname="com.heycar.vehicle.challenge.service.HeyCarVehicleServiceTest"/>
  <system-out/>
  <testcase name="getVehiclesByColor" time="0.012" classname="com.heycar.vehicle.challenge.service.HeyCarVehicleServiceTest"/>
  <system-out/>
  <testcase name="getVehiclesByYear" time="0.002" classname="com.heycar.vehicle.challenge.service.HeyCarVehicleServiceTest"/>
  <system-out/>
</testsuite> <!-- com.heycar.vehicle.challenge.service.HeyCarVehicleServiceTest -->
